
{"level":"info","message":"Route: / Method: GET"}
{"level":"warn","message":"Ruta GET /favicon.ico no implementada"}
{"level":"info","message":"Route: /logout Method: GET"}
{"level":"warn","message":"Ruta GET /favicon.ico no implementada"}
{"level":"info","message":"Route: /login Method: POST"}
{"level":"warn","message":"Ruta GET /favicon.ico no implementada"}
{"level":"info","message":"Route: /login Method: POST"}
{"level":"warn","message":"Ruta GET /favicon.ico no implementada"}
{"level":"info","message":"Route: /registro Method: GET"}
{"level":"warn","message":"Ruta GET /favicon.ico no implementada"}
{"level":"info","message":"Route: /registro Method: POST"}
{"level":"warn","message":"Ruta GET /favicon.ico no implementada"}
{"level":"info","message":"Route: /productos Method: GET"}
{"level":"warn","message":"Ruta GET /favicon.ico no implementada"}
{"level":"info","message":"Route: /api/carrito/product Method: POST"}
{"level":"info","message":"Route: /api/carrito/product Method: POST"}
{"level":"info","message":"Route: /api/carrito/product Method: POST"}
{"level":"info","message":"Route: / Method: GET"}
{"level":"warn","message":"Ruta GET /favicon.ico no implementada"}
{"level":"info","message":"Route: /carrito Method: GET"}
{"level":"warn","message":"Ruta GET /favicon.ico no implementada"}
{"level":"info","message":"Route: / Method: GET"}
{"level":"warn","message":"Ruta GET /favicon.ico no implementada"}
{"level":"info","message":"Route: /productos Method: GET"}
{"level":"warn","message":"Ruta GET /favicon.ico no implementada"}
{"level":"info","message":"Route: /api/carrito/product Method: POST"}
{"level":"info","message":"Route: /api/carrito/product Method: POST"}
{"level":"info","message":"Route: / Method: GET"}
{"level":"warn","message":"Ruta GET /favicon.ico no implementada"}
{"level":"info","message":"Route: /carrito Method: GET"}
{"level":"warn","message":"Ruta GET /favicon.ico no implementada"}
{"level":"info","message":"Route: /comprar? Method: GET"}
{"level":"info","message":"Route: /carrito?info=compra Method: GET"}
{"level":"warn","message":"Ruta GET /favicon.ico no implementada"}
{"level":"info","message":"Route: / Method: GET"}
{"level":"warn","message":"Ruta GET /favicon.ico no implementada"}
{"level":"info","message":"Route: /chat Method: GET"}
{"level":"warn","message":"Ruta GET /favicon.ico no implementada"}
{"level":"warn","message":"Ruta GET /imagenes/Screenshot%20from%202021-03-03%2015-20-02.png no implementada"}
{"level":"info","message":"Route: / Method: GET"}
{"level":"warn","message":"Ruta GET /favicon.ico no implementada"}
{"level":"info","message":"Route: /productos Method: GET"}
{"level":"warn","message":"Ruta GET /favicon.ico no implementada"}
{"level":"info","message":"Route: /api/productos/ Method: POST"}
{"level":"info","message":"Route: /productos Method: GET"}
{"level":"warn","message":"Ruta GET /favicon.ico no implementada"}
